<?xml version="1.0" encoding="UTF-8"?>
<!-- Generated by org.testng.reporters.JUnitReportReporter -->
<testsuite skipped="0" hostname="USATL-L-200083" name="gamePlay.Doubleclick" tests="1" failures="0" timestamp="15 May 2019 01:13:05 GMT" time="10.300" errors="0">
  <testcase name="main" time="10.300" classname="gamePlay.Doubleclick"/>
</testsuite> <!-- gamePlay.Doubleclick -->
