<?xml version="1.0" encoding="UTF-8"?>
<!-- Generated by org.testng.reporters.JUnitReportReporter -->
<testsuite skipped="0" hostname="USATL-L-200083" name="gamePlay.OWin" tests="1" failures="0" timestamp="15 May 2019 01:03:56 GMT" time="11.973" errors="0">
  <testcase name="main" time="11.973" classname="gamePlay.OWin"/>
</testsuite> <!-- gamePlay.OWin -->
